[Gregor Shapanka] loaded [], sites []
creating new index:test_lost_victories1_unit_status
Listening on 5055
checking out scene for avatar:2fbe421f-f701-49c9-a0d4-abb0fa904204
returning scene
checking out scene for avatar:d993932f-a185-4a6f-8d86-4ef6e2c5ff95
returning scene
[Andrew Gervais] loaded [], sites []
creating new index:test_lost_victories1_unit_status
index:test_lost_victories1_house_status already exisits no deleting
Listening on 5055
checking out scene for avatar:2fbe421f-f701-49c9-a0d4-abb0fa904204
returning scene
checking out scene for avatar:d993932f-a185-4a6f-8d86-4ef6e2c5ff95
returning scene
[Arishem the Judge] loaded [], sites []
creating new index:test_lost_victories1_unit_status
index:test_lost_victories1_house_status already exisits no deleting
Listening on 5055
checking out scene for avatar:2fbe421f-f701-49c9-a0d4-abb0fa904204
returning scene
checking out scene for avatar:d993932f-a185-4a6f-8d86-4ef6e2c5ff95
returning scene
[Vargas] loaded [], sites []
creating new index:test_lost_victories1_unit_status
Listening on 5055
checking out scene for avatar:2fbe421f-f701-49c9-a0d4-abb0fa904204
returning scene
checking out scene for avatar:d993932f-a185-4a6f-8d86-4ef6e2c5ff95
returning scene
[Cloud 9] loaded [], sites []
creating new index:test_lost_victories1_unit_status
index:test_lost_victories1_house_status already exisits no deleting
Listening on 5055
checking out scene for avatar:2fbe421f-f701-49c9-a0d4-abb0fa904204
returning scene
checking out scene for avatar:d993932f-a185-4a6f-8d86-4ef6e2c5ff95
returning scene
[Overrider] loaded [], sites []
creating new index:test_lost_victories1_unit_status
index:test_lost_victories1_house_status already exisits no deleting
Listening on 5055
checking out scene for avatar:2fbe421f-f701-49c9-a0d4-abb0fa904204
returning scene
checking out scene for avatar:d993932f-a185-4a6f-8d86-4ef6e2c5ff95
returning scene
Discarding update to character:205928e7-3d69-4e84-b1df-22b2c71be37a, character has been updated since been loaded
[Annihilus] loaded [], sites []
[Lianda] loaded [], sites []
creating new index:test_lost_victories1_unit_status
Listening on 5055
checking out scene for avatar:2fbe421f-f701-49c9-a0d4-abb0fa904204
returning scene
checking out scene for avatar:d993932f-a185-4a6f-8d86-4ef6e2c5ff95
returning scene
[Karolina Dean] loaded [], sites []
creating new index:test_lost_victories1_unit_status
index:test_lost_victories1_house_status already exisits no deleting
Listening on 5055
checking out scene for avatar:2fbe421f-f701-49c9-a0d4-abb0fa904204
returning scene
checking out scene for avatar:2fbe421f-f701-49c9-a0d4-abb0fa904204
returning scene
checking out scene for avatar:d993932f-a185-4a6f-8d86-4ef6e2c5ff95
returning scene
checking out scene for avatar:2fbe421f-f701-49c9-a0d4-abb0fa904204
returning scene
checking out scene for avatar:d993932f-a185-4a6f-8d86-4ef6e2c5ff95
returning scene
[Peace Monger] loaded [], sites []
creating new index:test_lost_victories1_unit_status
index:test_lost_victories1_house_status already exisits no deleting
Listening on 5055
checking out scene for avatar:2fbe421f-f701-49c9-a0d4-abb0fa904204
returning scene
checking out scene for avatar:d993932f-a185-4a6f-8d86-4ef6e2c5ff95
returning scene
checking out scene for avatar:2fbe421f-f701-49c9-a0d4-abb0fa904204
returning scene
checking out scene for avatar:d993932f-a185-4a6f-8d86-4ef6e2c5ff95
returning scene
Discarding update to character:784f6cf6-8c19-4cfb-b04b-8f730546c13a, character has been updated since been loaded
[Murmur] loaded [], sites []
creating new index:test_lost_victories1_unit_status
Listening on 5055
checking out scene for avatar:2fbe421f-f701-49c9-a0d4-abb0fa904204
returning scene
checking out scene for avatar:d993932f-a185-4a6f-8d86-4ef6e2c5ff95
returning scene
[Poundcakes] loaded [], sites []
creating new index:test_lost_victories1_unit_status
Listening on 5055
checking out scene for avatar:2fbe421f-f701-49c9-a0d4-abb0fa904204
returning scene
checking out scene for avatar:d993932f-a185-4a6f-8d86-4ef6e2c5ff95
returning scene
promoting:b262db6d-031b-4375-9466-4cf006c1bbda to CADET_CORPORAL
Discarding update to character:b262db6d-031b-4375-9466-4cf006c1bbda, character has been updated since been loaded
Discarding update to character:34d07c69-b3da-461c-9f96-61c6edf535d7, character has been updated since been loaded
[Devil-Slayer] loaded [], sites []
creating new index:test_lost_victories1_unit_status
Listening on 5055
checking out scene for avatar:2fbe421f-f701-49c9-a0d4-abb0fa904204
returning scene
checking out scene for avatar:d993932f-a185-4a6f-8d86-4ef6e2c5ff95
returning scene
[Bengal] loaded [], sites []
creating new index:test_lost_victories1_unit_status
Listening on 5055
checking out scene for avatar:2fbe421f-f701-49c9-a0d4-abb0fa904204
returning scene
checking out scene for avatar:d993932f-a185-4a6f-8d86-4ef6e2c5ff95
returning scene
promoting:95fd78e6-d2a6-42f8-bf8d-487b2b750a27 to CADET_CORPORAL
Discarding update to character:95fd78e6-d2a6-42f8-bf8d-487b2b750a27, character has been updated since been loaded
Discarding update to character:871a9984-94ea-4651-9a50-a5b6aaf52a45, character has been updated since been loaded
Discarding update to character:4d8a450e-2f91-422d-a0b7-38a0f1bdfa0a, character has been updated since been loaded
promoting:e1aade5c-729e-4287-aa1b-6013a732ed3e to CADET_CORPORAL
Discarding update to character:e1aade5c-729e-4287-aa1b-6013a732ed3e, character has been updated since been loaded
[Beetle] loaded [], sites []
creating new index:test_lost_victories1_unit_status
index:test_lost_victories1_house_status already exisits no deleting
Listening on 5055
checking out scene for avatar:2fbe421f-f701-49c9-a0d4-abb0fa904204
returning scene
checking out scene for avatar:d993932f-a185-4a6f-8d86-4ef6e2c5ff95
returning scene
[Arthur Parks] loaded [], sites []
index:test_lost_victories1_unit_status already exisits
Listening on 5055
checking out scene for avatar:2fbe421f-f701-49c9-a0d4-abb0fa904204
returning scene
Discarding update to character:2fbe421f-f701-49c9-a0d4-abb0fa904204, character has been updated since been loaded
[the Living Colossus It] loaded [], sites []
creating new index:test_lost_victories1_unit_status
index:test_lost_victories1_house_status already exisits no deleting
Listening on 5055
checking out scene for avatar:2fbe421f-f701-49c9-a0d4-abb0fa904204
returning scene
promoting:35b12753-0cec-43c8-a31b-91c536876aad to CADET_CORPORAL
Discarding update to character:6ca26fda-a0f0-487c-8fbb-2fa4d044ecf5, character has been updated since been loaded
Discarding update to character:35b12753-0cec-43c8-a31b-91c536876aad, character has been updated since been loaded
Discarding update to character:c448040f-a279-4389-8efd-e58771d37c51, character has been updated since been loaded
[Elias Bogan] loaded [], sites []
index:test_lost_victories1_unit_status already exisits
Listening on 5055
checking out scene for avatar:2fbe421f-f701-49c9-a0d4-abb0fa904204
returning scene
checking out scene for avatar:d993932f-a185-4a6f-8d86-4ef6e2c5ff95
returning scene
[Starshine] loaded [], sites []
creating new index:test_lost_victories1_unit_status
index:test_lost_victories1_house_status already exisits no deleting
Listening on 5055
checking out scene for avatar:2fbe421f-f701-49c9-a0d4-abb0fa904204
returning scene
checking out scene for avatar:d993932f-a185-4a6f-8d86-4ef6e2c5ff95
returning scene
promoting:d847fde4-4d41-4f0a-867f-3aa111feaa7b to CADET_CORPORAL
promoting:a5f34bca-c403-496c-917a-ce55155fe050 to CADET_CORPORAL
Discarding update to character:a5f34bca-c403-496c-917a-ce55155fe050, character has been updated since been loaded
promoting:6ffa8c9d-ae56-4fb3-93b3-9fc17c47ec25 to CADET_CORPORAL
Discarding update to character:0ff6c529-f5f8-4239-9269-0dd03b8d761e, character has been updated since been loaded
Discarding update to character:6ffa8c9d-ae56-4fb3-93b3-9fc17c47ec25, character has been updated since been loaded
Discarding update to character:743ad57e-1082-4f2a-86bc-94a14a57f252, character has been updated since been loaded
promoting avatar:2fbe421f-f701-49c9-a0d4-abb0fa904204
Discarding update to character:2fbe421f-f701-49c9-a0d4-abb0fa904204, character has been updated since been loaded
promoting avatar:2fbe421f-f701-49c9-a0d4-abb0fa904204
Discarding update to character:2fbe421f-f701-49c9-a0d4-abb0fa904204, character has been updated since been loaded
promoting avatar:2fbe421f-f701-49c9-a0d4-abb0fa904204
Discarding update to character:2fbe421f-f701-49c9-a0d4-abb0fa904204, character has been updated since been loaded
promoting avatar:2fbe421f-f701-49c9-a0d4-abb0fa904204
Discarding update to character:2fbe421f-f701-49c9-a0d4-abb0fa904204, character has been updated since been loaded
promoting avatar:2fbe421f-f701-49c9-a0d4-abb0fa904204
Discarding update to character:2fbe421f-f701-49c9-a0d4-abb0fa904204, character has been updated since been loaded
promoting avatar:2fbe421f-f701-49c9-a0d4-abb0fa904204
Discarding update to character:2fbe421f-f701-49c9-a0d4-abb0fa904204, character has been updated since been loaded
promoting avatar:2fbe421f-f701-49c9-a0d4-abb0fa904204
Discarding update to character:2fbe421f-f701-49c9-a0d4-abb0fa904204, character has been updated since been loaded
promoting avatar:2fbe421f-f701-49c9-a0d4-abb0fa904204
Discarding update to character:2fbe421f-f701-49c9-a0d4-abb0fa904204, character has been updated since been loaded
promoting avatar:2fbe421f-f701-49c9-a0d4-abb0fa904204
[Asp] loaded [], sites []
creating new index:test_lost_victories1_unit_status
index:test_lost_victories1_house_status already exisits no deleting
Listening on 5055
checking out scene for avatar:2fbe421f-f701-49c9-a0d4-abb0fa904204
returning scene
checking out scene for avatar:d993932f-a185-4a6f-8d86-4ef6e2c5ff95
returning scene
Discarding update to character:d993932f-a185-4a6f-8d86-4ef6e2c5ff95, character has been updated since been loaded
promoting:5babb49e-e513-4587-a5ce-2e6e85342d03 to CADET_CORPORAL
Discarding update to character:09b004cf-8cf7-482a-aecc-68fbb53ecd34, character has been updated since been loaded
Discarding update to character:beddcebf-f02d-4c6c-9bc3-8dbb2209959b, character has been updated since been loaded
Discarding update to character:5babb49e-e513-4587-a5ce-2e6e85342d03, character has been updated since been loaded
[Scarlet Scarab] loaded [], sites []
creating new index:test_lost_victories1_unit_status
index:test_lost_victories1_house_status already exisits no deleting
Listening on 5055
checking out scene for avatar:2fbe421f-f701-49c9-a0d4-abb0fa904204
returning scene
checking out scene for avatar:d993932f-a185-4a6f-8d86-4ef6e2c5ff95
returning scene
promoting:fb1e68ec-e2a8-450d-9ef4-7fdffe66c7da to CADET_CORPORAL
Discarding update to character:944ffd79-ca17-48b4-8244-3f4a83ce6db8, character has been updated since been loaded
[Morph] loaded [], sites []
creating new index:test_lost_victories1_unit_status
index:test_lost_victories1_house_status already exisits no deleting
Listening on 5055
checking out scene for avatar:2fbe421f-f701-49c9-a0d4-abb0fa904204
returning scene
checking out scene for avatar:d993932f-a185-4a6f-8d86-4ef6e2c5ff95
returning scene
[Omerta] loaded [], sites []
creating new index:test_lost_victories1_unit_status
index:test_lost_victories1_house_status already exisits no deleting
Listening on 5055
checking out scene for avatar:2fbe421f-f701-49c9-a0d4-abb0fa904204
returning scene
checking out scene for avatar:d993932f-a185-4a6f-8d86-4ef6e2c5ff95
returning scene
promoting:3ff119dd-08ec-4d0b-bfc7-977ccb95c5b4 to CADET_CORPORAL
Discarding update to character:3ff119dd-08ec-4d0b-bfc7-977ccb95c5b4, character has been updated since been loaded
Discarding update to character:ba17c287-14ad-4208-adcb-5be7daa8db6e, character has been updated since been loaded
Discarding update to character:2fbe421f-f701-49c9-a0d4-abb0fa904204, character has been updated since been loaded
Discarding update to character:2fbe421f-f701-49c9-a0d4-abb0fa904204, character has been updated since been loaded
promoting avatar:2fbe421f-f701-49c9-a0d4-abb0fa904204
Discarding update to character:2fbe421f-f701-49c9-a0d4-abb0fa904204, character has been updated since been loaded
Discarding update to character:2fbe421f-f701-49c9-a0d4-abb0fa904204, character has been updated since been loaded
promoting avatar:2fbe421f-f701-49c9-a0d4-abb0fa904204
Discarding update to character:2fbe421f-f701-49c9-a0d4-abb0fa904204, character has been updated since been loaded
promoting avatar:2fbe421f-f701-49c9-a0d4-abb0fa904204
Discarding update to character:2fbe421f-f701-49c9-a0d4-abb0fa904204, character has been updated since been loaded
promoting avatar:2fbe421f-f701-49c9-a0d4-abb0fa904204
Discarding update to character:2fbe421f-f701-49c9-a0d4-abb0fa904204, character has been updated since been loaded
promoting:c232a136-5df6-4619-901d-0fff7f1c1694 to CADET_CORPORAL
Discarding update to character:c232a136-5df6-4619-901d-0fff7f1c1694, character has been updated since been loaded
Discarding update to character:42efce28-43a9-42fa-b50c-fa249e35db7f, character has been updated since been loaded
promoting avatar:2fbe421f-f701-49c9-a0d4-abb0fa904204
Discarding update to character:2fbe421f-f701-49c9-a0d4-abb0fa904204, character has been updated since been loaded
promoting avatar:2fbe421f-f701-49c9-a0d4-abb0fa904204
Discarding update to character:2fbe421f-f701-49c9-a0d4-abb0fa904204, character has been updated since been loaded
promoting avatar:2fbe421f-f701-49c9-a0d4-abb0fa904204
Discarding update to character:2fbe421f-f701-49c9-a0d4-abb0fa904204, character has been updated since been loaded
promoting avatar:2fbe421f-f701-49c9-a0d4-abb0fa904204
Discarding update to character:2fbe421f-f701-49c9-a0d4-abb0fa904204, character has been updated since been loaded
promoting avatar:2fbe421f-f701-49c9-a0d4-abb0fa904204
Discarding update to character:2fbe421f-f701-49c9-a0d4-abb0fa904204, character has been updated since been loaded
promoting avatar:2fbe421f-f701-49c9-a0d4-abb0fa904204
Discarding update to character:2fbe421f-f701-49c9-a0d4-abb0fa904204, character has been updated since been loaded
promoting avatar:2fbe421f-f701-49c9-a0d4-abb0fa904204
Discarding update to character:2fbe421f-f701-49c9-a0d4-abb0fa904204, character has been updated since been loaded
promoting avatar:2fbe421f-f701-49c9-a0d4-abb0fa904204
[Zodiak] loaded [], sites []
creating new index:test_lost_victories1_unit_status
index:test_lost_victories1_house_status already exisits no deleting
Listening on 5055
checking out scene for avatar:2fbe421f-f701-49c9-a0d4-abb0fa904204
returning scene
checking out scene for avatar:d993932f-a185-4a6f-8d86-4ef6e2c5ff95
returning scene
Discarding update to character:2fbe421f-f701-49c9-a0d4-abb0fa904204, character has been updated since been loaded
[Bullseye] loaded [], sites []
index:test_lost_victories1_unit_status already exisits
Listening on 5055
checking out scene for avatar:2fbe421f-f701-49c9-a0d4-abb0fa904204
returning scene
checking out scene for avatar:d993932f-a185-4a6f-8d86-4ef6e2c5ff95
returning scene
Discarding update to character:2fbe421f-f701-49c9-a0d4-abb0fa904204, character has been updated since been loaded
Discarding update to character:2fbe421f-f701-49c9-a0d4-abb0fa904204, character has been updated since been loaded
promoting avatar:2fbe421f-f701-49c9-a0d4-abb0fa904204
Discarding update to character:2fbe421f-f701-49c9-a0d4-abb0fa904204, character has been updated since been loaded
promoting avatar:2fbe421f-f701-49c9-a0d4-abb0fa904204
Discarding update to character:2fbe421f-f701-49c9-a0d4-abb0fa904204, character has been updated since been loaded
promoting avatar:2fbe421f-f701-49c9-a0d4-abb0fa904204
[Sayge] loaded [], sites []
creating new index:test_lost_victories1_unit_status
Listening on 5055
checking out scene for avatar:2fbe421f-f701-49c9-a0d4-abb0fa904204
returning scene
checking out scene for avatar:d993932f-a185-4a6f-8d86-4ef6e2c5ff95
returning scene
promoting:40ce607c-4b14-4414-8c60-dbf174ea5dcf to CADET_CORPORAL
Discarding update to character:f15da3f1-f6ae-432d-9148-e5627feb7b13, character has been updated since been loaded
Discarding update to character:40ce607c-4b14-4414-8c60-dbf174ea5dcf, character has been updated since been loaded
checking out scene for avatar:2fbe421f-f701-49c9-a0d4-abb0fa904204
returning scene
checking out scene for avatar:d993932f-a185-4a6f-8d86-4ef6e2c5ff95
returning scene
promoting:1e62aa4f-616d-4fe9-ae1d-3141657ad86e to CADET_CORPORAL
Discarding update to character:1e62aa4f-616d-4fe9-ae1d-3141657ad86e, character has been updated since been loaded
Discarding update to character:968c72ed-7c9a-4482-92b3-656b45dd4ff7, character has been updated since been loaded
Discarding update to character:7170d262-9c36-4333-8402-d80595805888, character has been updated since been loaded
promoting:c07912ce-1412-4f42-b5a8-a5efdba438d2 to CADET_CORPORAL
Discarding update to character:268800db-c682-421b-a584-163d9bc4ecbd, character has been updated since been loaded
Discarding update to character:c07912ce-1412-4f42-b5a8-a5efdba438d2, character has been updated since been loaded
promoting avatar:2fbe421f-f701-49c9-a0d4-abb0fa904204
Discarding update to character:2fbe421f-f701-49c9-a0d4-abb0fa904204, character has been updated since been loaded
promoting avatar:2fbe421f-f701-49c9-a0d4-abb0fa904204
Discarding update to character:2fbe421f-f701-49c9-a0d4-abb0fa904204, character has been updated since been loaded
promoting avatar:2fbe421f-f701-49c9-a0d4-abb0fa904204
Discarding update to character:2fbe421f-f701-49c9-a0d4-abb0fa904204, character has been updated since been loaded
promoting avatar:2fbe421f-f701-49c9-a0d4-abb0fa904204
Discarding update to character:2fbe421f-f701-49c9-a0d4-abb0fa904204, character has been updated since been loaded
promoting avatar:2fbe421f-f701-49c9-a0d4-abb0fa904204
Discarding update to character:2fbe421f-f701-49c9-a0d4-abb0fa904204, character has been updated since been loaded
promoting avatar:2fbe421f-f701-49c9-a0d4-abb0fa904204
[Darkdevil] loaded [], sites []
creating new index:test_lost_victories1_unit_status
index:test_lost_victories1_house_status already exisits no deleting
Listening on 5055
checking out scene for avatar:2fbe421f-f701-49c9-a0d4-abb0fa904204
returning scene
checking out scene for avatar:d993932f-a185-4a6f-8d86-4ef6e2c5ff95
returning scene
promoting:196b21c1-c398-479f-9cf7-dade5e9eedff to CADET_CORPORAL
promoting:092236c4-60f7-4d7e-8a0b-107939af8b42 to CADET_CORPORAL
Discarding update to character:092236c4-60f7-4d7e-8a0b-107939af8b42, character has been updated since been loaded
Discarding update to character:77711141-c46d-43ae-9302-b33c7ea0fd5b, character has been updated since been loaded
Discarding update to character:8a198302-475d-4e86-b022-77f98a2a6404, character has been updated since been loaded
promoting avatar:2fbe421f-f701-49c9-a0d4-abb0fa904204
Discarding update to character:2fbe421f-f701-49c9-a0d4-abb0fa904204, character has been updated since been loaded
promoting avatar:2fbe421f-f701-49c9-a0d4-abb0fa904204
Discarding update to character:2fbe421f-f701-49c9-a0d4-abb0fa904204, character has been updated since been loaded
promoting:8869b7f4-5541-4a4c-a1ec-168240c7c6a8 to CADET_CORPORAL
Discarding update to character:8869b7f4-5541-4a4c-a1ec-168240c7c6a8, character has been updated since been loaded
Discarding update to character:f7859d0b-83f3-4113-b03a-539eccbd58c1, character has been updated since been loaded
promoting avatar:2fbe421f-f701-49c9-a0d4-abb0fa904204
Discarding update to character:2fbe421f-f701-49c9-a0d4-abb0fa904204, character has been updated since been loaded
promoting avatar:2fbe421f-f701-49c9-a0d4-abb0fa904204
Discarding update to character:2fbe421f-f701-49c9-a0d4-abb0fa904204, character has been updated since been loaded
promoting avatar:2fbe421f-f701-49c9-a0d4-abb0fa904204
Discarding update to character:2fbe421f-f701-49c9-a0d4-abb0fa904204, character has been updated since been loaded
promoting avatar:2fbe421f-f701-49c9-a0d4-abb0fa904204
Discarding update to character:2fbe421f-f701-49c9-a0d4-abb0fa904204, character has been updated since been loaded
promoting avatar:2fbe421f-f701-49c9-a0d4-abb0fa904204
[Silly Seal] loaded [], sites []
creating new index:test_lost_victories1_unit_status
Listening on 5055
checking out scene for avatar:2fbe421f-f701-49c9-a0d4-abb0fa904204
returning scene
checking out scene for avatar:d993932f-a185-4a6f-8d86-4ef6e2c5ff95
[Shen Kuei] loaded [], sites []
creating new index:test_lost_victories1_unit_status
index:test_lost_victories1_house_status already exisits no deleting
Listening on 5055
checking out scene for avatar:2fbe421f-f701-49c9-a0d4-abb0fa904204
returning scene
[M] loaded [], sites []
creating new index:test_lost_victories1_unit_status
Listening on 5055
checking out scene for avatar:2fbe421f-f701-49c9-a0d4-abb0fa904204
returning scene
[Doctor Anthony Droom] loaded [], sites []
index:test_lost_victories1_unit_status already exisits
Listening on 5055
[Allison Blaire] loaded [], sites []
index:test_lost_victories1_unit_status already exisits
Listening on 5055
[Enigma] loaded [], sites []
creating new index:test_lost_victories1_unit_status
index:test_lost_victories1_house_status already exisits no deleting
Listening on 5055
checking out scene for avatar:2fbe421f-f701-49c9-a0d4-abb0fa904204
returning scene
[Victorius] loaded [], sites []
index:test_lost_victories1_unit_status already exisits
Listening on 5055
checking out scene for avatar:2fbe421f-f701-49c9-a0d4-abb0fa904204
returning scene
[Indech] loaded [], sites []
creating new index:test_lost_victories1_unit_status
index:test_lost_victories1_house_status already exisits no deleting
Listening on 5055
checking out scene for avatar:2fbe421f-f701-49c9-a0d4-abb0fa904204
returning scene
[Ronan the Accuser] loaded [], sites []
creating new index:test_lost_victories1_unit_status
Listening on 5055
checking out scene for avatar:2fbe421f-f701-49c9-a0d4-abb0fa904204
returning scene
checking out scene for avatar:d993932f-a185-4a6f-8d86-4ef6e2c5ff95
returning scene
[Rl'nnd] loaded [], sites []
index:test_lost_victories1_unit_status already exisits
Listening on 5055
[Jann] loaded [], sites []
creating new index:test_lost_victories1_unit_status
index:test_lost_victories1_house_status already exisits no deleting
Listening on 5055
checking out scene for avatar:2fbe421f-f701-49c9-a0d4-abb0fa904204
returning scene
[Chtylok] loaded [], sites []
creating new index:test_lost_victories1_unit_status
index:test_lost_victories1_house_status already exisits no deleting
Listening on 5055
checking out scene for avatar:2fbe421f-f701-49c9-a0d4-abb0fa904204
returning scene
[Vakume] loaded [], sites []
index:test_lost_victories1_unit_status already exisits
Listening on 5055
[Geiger] loaded [], sites []
index:test_lost_victories1_unit_status already exisits
Listening on 5055
[Colonel] loaded [], sites []
creating new index:test_lost_victories1_unit_status
index:test_lost_victories1_house_status already exisits no deleting
Listening on 5055
checking out scene for avatar:2fbe421f-f701-49c9-a0d4-abb0fa904204
returning scene
Discarding update to character:2fbe421f-f701-49c9-a0d4-abb0fa904204, character has been updated since been loaded
checking out scene for avatar:d993932f-a185-4a6f-8d86-4ef6e2c5ff95
returning scene
Discarding update to character:2fbe421f-f701-49c9-a0d4-abb0fa904204, character has been updated since been loaded
Discarding update to character:2fbe421f-f701-49c9-a0d4-abb0fa904204, character has been updated since been loaded
[Caber] loaded [], sites []
creating new index:test_lost_victories1_unit_status
index:test_lost_victories1_house_status already exisits no deleting
Listening on 5055
checking out scene for avatar:2fbe421f-f701-49c9-a0d4-abb0fa904204
returning scene
checking out scene for avatar:d993932f-a185-4a6f-8d86-4ef6e2c5ff95
returning scene
Discarding update to character:2fbe421f-f701-49c9-a0d4-abb0fa904204, character has been updated since been loaded
Discarding update to character:2fbe421f-f701-49c9-a0d4-abb0fa904204, character has been updated since been loaded
[Anti-Venom] loaded [], sites []
creating new index:test_lost_victories1_unit_status
Listening on 5055
checking out scene for avatar:2fbe421f-f701-49c9-a0d4-abb0fa904204
returning scene
checking out scene for avatar:d993932f-a185-4a6f-8d86-4ef6e2c5ff95
returning scene
Discarding update to character:2fbe421f-f701-49c9-a0d4-abb0fa904204, character has been updated since been loaded
[Executioner] loaded [], sites []
creating new index:test_lost_victories1_unit_status
index:test_lost_victories1_house_status already exisits no deleting
Listening on 5055
checking out scene for avatar:2fbe421f-f701-49c9-a0d4-abb0fa904204
returning scene
checking out scene for avatar:d993932f-a185-4a6f-8d86-4ef6e2c5ff95
returning scene
Discarding update to character:2fbe421f-f701-49c9-a0d4-abb0fa904204, character has been updated since been loaded
Discarding update to character:2fbe421f-f701-49c9-a0d4-abb0fa904204, character has been updated since been loaded
Discarding update to character:2fbe421f-f701-49c9-a0d4-abb0fa904204, character has been updated since been loaded
[Laura Dean] loaded [], sites []
creating new index:test_lost_victories1_unit_status
index:test_lost_victories1_house_status already exisits no deleting
Listening on 5055
checking out scene for avatar:2fbe421f-f701-49c9-a0d4-abb0fa904204
returning scene
checking out scene for avatar:d993932f-a185-4a6f-8d86-4ef6e2c5ff95
returning scene
Discarding update to character:2fbe421f-f701-49c9-a0d4-abb0fa904204, character has been updated since been loaded
[Talisman] loaded [], sites []
creating new index:test_lost_victories1_unit_status
Listening on 5055
checking out scene for avatar:2fbe421f-f701-49c9-a0d4-abb0fa904204
returning scene
[Chan Luichow] loaded [], sites []
index:test_lost_victories1_unit_status already exisits
Listening on 5055
[Man-Brute] loaded [], sites []
index:test_lost_victories1_unit_status already exisits
Listening on 5055
checking out scene for avatar:2fbe421f-f701-49c9-a0d4-abb0fa904204
returning scene
[Balthakk] loaded [], sites []
index:test_lost_victories1_unit_status already exisits
Listening on 5055
checking out scene for avatar:2fbe421f-f701-49c9-a0d4-abb0fa904204
returning scene
[Blackbird] loaded [], sites []
index:test_lost_victories1_unit_status already exisits
Listening on 5055
checking out scene for avatar:2fbe421f-f701-49c9-a0d4-abb0fa904204
returning scene
[Plantman] loaded [], sites []
index:test_lost_victories1_unit_status already exisits
Listening on 5055
checking out scene for avatar:2fbe421f-f701-49c9-a0d4-abb0fa904204
returning scene
[Agent] loaded [], sites []
index:test_lost_victories1_unit_status already exisits
Listening on 5055
checking out scene for avatar:2fbe421f-f701-49c9-a0d4-abb0fa904204
returning scene
[Purple Man] loaded [], sites []
index:test_lost_victories1_unit_status already exisits
Listening on 5055
checking out scene for avatar:2fbe421f-f701-49c9-a0d4-abb0fa904204
returning scene
[Captain Zero] loaded [], sites []
index:test_lost_victories1_unit_status already exisits
Listening on 5055
checking out scene for avatar:2fbe421f-f701-49c9-a0d4-abb0fa904204
returning scene
[Tutinax the Mountain-Mover] loaded [], sites []
creating new index:test_lost_victories1_unit_status
Listening on 5055
checking out scene for avatar:2fbe421f-f701-49c9-a0d4-abb0fa904204
returning scene
checking out scene for avatar:d993932f-a185-4a6f-8d86-4ef6e2c5ff95
returning scene
Discarding update to character:2fbe421f-f701-49c9-a0d4-abb0fa904204, character has been updated since been loaded
promoting:757b6b99-2ce2-4283-b9ad-cec1fe0a80f0 to CADET_CORPORAL
Discarding update to character:757b6b99-2ce2-4283-b9ad-cec1fe0a80f0, character has been updated since been loaded
Discarding update to character:7dd3e204-8f51-4812-b534-a9d5a3386dca, character has been updated since been loaded
Discarding update to character:dacfd64b-6eea-4185-b6fe-5f7a23576270, character has been updated since been loaded
